0 info it worked if it ends with ok
1 verbose cli [ '/usr/local/bin/node',
1 verbose cli   '/usr/local/bin/npm',
1 verbose cli   'run',
1 verbose cli   'post-install' ]
2 info using npm@3.10.10
3 info using node@v6.9.5
4 verbose run-script [ 'post-install' ]
5 info lifecycle boiler-plate-app@1.0.0~post-install: boiler-plate-app@1.0.0
6 verbose lifecycle boiler-plate-app@1.0.0~post-install: unsafe-perm in lifecycle true
7 verbose lifecycle boiler-plate-app@1.0.0~post-install: PATH: /usr/local/lib/node_modules/npm/bin/node-gyp-bin:/Users/bto108/Documents/git/elmsln/system/core/dslmcode/profiles/cle-7.x-2.x/modules/apps/cle_open_studio_app/apps/lrnapp-studio-submission/node_modules/.bin:/Users/bto108/bin:/usr/local/bin:/Users/bto108/.composer/vendor/bin:/usr/local/bin:/usr/bin:/bin:/usr/sbin:/sbin
8 verbose lifecycle boiler-plate-app@1.0.0~post-install: CWD: /Users/bto108/Documents/git/elmsln/system/core/dslmcode/profiles/cle-7.x-2.x/modules/apps/cle_open_studio_app/apps/lrnapp-studio-submission
9 silly lifecycle boiler-plate-app@1.0.0~post-install: Args: [ '-c', 'node post-install.js' ]
10 silly lifecycle boiler-plate-app@1.0.0~post-install: Returned: code: 1  signal: null
11 info lifecycle boiler-plate-app@1.0.0~post-install: Failed to exec post-install script
12 verbose stack Error: boiler-plate-app@1.0.0 post-install: `node post-install.js`
12 verbose stack Exit status 1
12 verbose stack     at EventEmitter.<anonymous> (/usr/local/lib/node_modules/npm/lib/utils/lifecycle.js:255:16)
12 verbose stack     at emitTwo (events.js:106:13)
12 verbose stack     at EventEmitter.emit (events.js:191:7)
12 verbose stack     at ChildProcess.<anonymous> (/usr/local/lib/node_modules/npm/lib/utils/spawn.js:40:14)
12 verbose stack     at emitTwo (events.js:106:13)
12 verbose stack     at ChildProcess.emit (events.js:191:7)
12 verbose stack     at maybeClose (internal/child_process.js:877:16)
12 verbose stack     at Process.ChildProcess._handle.onexit (internal/child_process.js:226:5)
13 verbose pkgid boiler-plate-app@1.0.0
14 verbose cwd /Users/bto108/Documents/git/elmsln/system/core/dslmcode/profiles/cle-7.x-2.x/modules/apps/cle_open_studio_app/apps/lrnapp-studio-submission
15 error Darwin 15.6.0
16 error argv "/usr/local/bin/node" "/usr/local/bin/npm" "run" "post-install"
17 error node v6.9.5
18 error npm  v3.10.10
19 error code ELIFECYCLE
20 error boiler-plate-app@1.0.0 post-install: `node post-install.js`
20 error Exit status 1
21 error Failed at the boiler-plate-app@1.0.0 post-install script 'node post-install.js'.
21 error Make sure you have the latest version of node.js and npm installed.
21 error If you do, this is most likely a problem with the boiler-plate-app package,
21 error not with npm itself.
21 error Tell the author that this fails on your system:
21 error     node post-install.js
21 error You can get information on how to open an issue for this project with:
21 error     npm bugs boiler-plate-app
21 error Or if that isn't available, you can get their info via:
21 error     npm owner ls boiler-plate-app
21 error There is likely additional logging output above.
22 verbose exit [ 1, true ]
